29-May-2026 11:10:02.094 INFO [main] org.apache.catalina.core.ApplicationContext.log ContextListener: contextInitialized()
29-May-2026 11:10:02.094 INFO [main] org.apache.catalina.core.ApplicationContext.log SessionListener: contextInitialized()
29-May-2026 11:10:02.095 INFO [main] org.apache.catalina.core.ApplicationContext.log ContextListener: attributeAdded('StockTicker', 'async.Stockticker@61c42416')
29-May-2026 11:17:06.110 INFO [main] org.apache.catalina.core.ApplicationContext.log SessionListener: contextDestroyed()
29-May-2026 11:17:06.110 INFO [main] org.apache.catalina.core.ApplicationContext.log ContextListener: contextDestroyed()
29-May-2026 11:17:08.895 INFO [main] org.apache.catalina.core.ApplicationContext.log ContextListener: contextInitialized()
29-May-2026 11:17:08.895 INFO [main] org.apache.catalina.core.ApplicationContext.log SessionListener: contextInitialized()
29-May-2026 11:17:08.895 INFO [main] org.apache.catalina.core.ApplicationContext.log ContextListener: attributeAdded('StockTicker', 'async.Stockticker@7927bd9f')
29-May-2026 12:38:26.773 INFO [main] org.apache.catalina.core.ApplicationContext.log ContextListener: contextInitialized()
29-May-2026 12:38:26.773 INFO [main] org.apache.catalina.core.ApplicationContext.log SessionListener: contextInitialized()
29-May-2026 12:38:26.773 INFO [main] org.apache.catalina.core.ApplicationContext.log ContextListener: attributeAdded('StockTicker', 'async.Stockticker@21526f6c')
29-May-2026 12:38:26.794 INFO [main] org.apache.catalina.core.ApplicationContext.log SessionListener: contextDestroyed()
29-May-2026 12:38:26.794 INFO [main] org.apache.catalina.core.ApplicationContext.log ContextListener: contextDestroyed()
29-May-2026 12:38:46.932 INFO [main] org.apache.catalina.core.ApplicationContext.log ContextListener: contextInitialized()
29-May-2026 12:38:46.932 INFO [main] org.apache.catalina.core.ApplicationContext.log SessionListener: contextInitialized()
29-May-2026 12:38:46.932 INFO [main] org.apache.catalina.core.ApplicationContext.log ContextListener: attributeAdded('StockTicker', 'async.Stockticker@59fc684e')
29-May-2026 13:02:44.956 INFO [main] org.apache.catalina.core.ApplicationContext.log SessionListener: contextDestroyed()
29-May-2026 13:02:44.956 INFO [main] org.apache.catalina.core.ApplicationContext.log ContextListener: contextDestroyed()
29-May-2026 13:02:45.431 INFO [main] org.apache.catalina.core.ApplicationContext.log ContextListener: contextInitialized()
29-May-2026 13:02:45.431 INFO [main] org.apache.catalina.core.ApplicationContext.log SessionListener: contextInitialized()
29-May-2026 13:02:45.431 INFO [main] org.apache.catalina.core.ApplicationContext.log ContextListener: attributeAdded('StockTicker', 'async.Stockticker@768ccdc5')
29-May-2026 13:04:26.778 INFO [main] org.apache.catalina.core.ApplicationContext.log SessionListener: contextDestroyed()
29-May-2026 13:04:26.778 INFO [main] org.apache.catalina.core.ApplicationContext.log ContextListener: contextDestroyed()
29-May-2026 13:04:27.237 INFO [main] org.apache.catalina.core.ApplicationContext.log ContextListener: contextInitialized()
29-May-2026 13:04:27.237 INFO [main] org.apache.catalina.core.ApplicationContext.log SessionListener: contextInitialized()
29-May-2026 13:04:27.238 INFO [main] org.apache.catalina.core.ApplicationContext.log ContextListener: attributeAdded('StockTicker', 'async.Stockticker@18518ccf')
29-May-2026 13:07:36.929 INFO [main] org.apache.catalina.core.ApplicationContext.log SessionListener: contextDestroyed()
29-May-2026 13:07:36.929 INFO [main] org.apache.catalina.core.ApplicationContext.log ContextListener: contextDestroyed()
29-May-2026 13:07:37.376 INFO [main] org.apache.catalina.core.ApplicationContext.log ContextListener: contextInitialized()
29-May-2026 13:07:37.376 INFO [main] org.apache.catalina.core.ApplicationContext.log SessionListener: contextInitialized()
29-May-2026 13:07:37.376 INFO [main] org.apache.catalina.core.ApplicationContext.log ContextListener: attributeAdded('StockTicker', 'async.Stockticker@768ccdc5')
29-May-2026 13:08:24.653 INFO [main] org.apache.catalina.core.ApplicationContext.log SessionListener: contextDestroyed()
29-May-2026 13:08:24.653 INFO [main] org.apache.catalina.core.ApplicationContext.log ContextListener: contextDestroyed()
29-May-2026 13:08:25.111 INFO [main] org.apache.catalina.core.ApplicationContext.log ContextListener: contextInitialized()
29-May-2026 13:08:25.111 INFO [main] org.apache.catalina.core.ApplicationContext.log SessionListener: contextInitialized()
29-May-2026 13:08:25.112 INFO [main] org.apache.catalina.core.ApplicationContext.log ContextListener: attributeAdded('StockTicker', 'async.Stockticker@71ae31b0')
29-May-2026 13:09:11.122 INFO [main] org.apache.catalina.core.ApplicationContext.log SessionListener: contextDestroyed()
29-May-2026 13:09:11.122 INFO [main] org.apache.catalina.core.ApplicationContext.log ContextListener: contextDestroyed()
29-May-2026 13:09:11.681 INFO [main] org.apache.catalina.core.ApplicationContext.log ContextListener: contextInitialized()
29-May-2026 13:09:11.681 INFO [main] org.apache.catalina.core.ApplicationContext.log SessionListener: contextInitialized()
29-May-2026 13:09:11.681 INFO [main] org.apache.catalina.core.ApplicationContext.log ContextListener: attributeAdded('StockTicker', 'async.Stockticker@7689ddef')
29-May-2026 13:20:47.741 INFO [Thread-1] org.apache.catalina.core.ApplicationContext.log SessionListener: contextDestroyed()
29-May-2026 13:20:47.741 INFO [Thread-1] org.apache.catalina.core.ApplicationContext.log ContextListener: contextDestroyed()
